<?xml version="1.0" encoding="UTF-8"?>
<testsuites name="jest tests" tests="4" failures="0" time="2.909">
  <testsuite name="Zadanie" errors="0" failures="0" skipped="0" timestamp="2020-03-09T13:02:41" time="2.373" tests="4">
    <testcase classname="Zadanie" name="Dodano div" time="0.01">
    </testcase>
    <testcase classname="Zadanie" name="Div ma rozmiar 500 x 500" time="0.003">
    </testcase>
    <testcase classname="Zadanie" name="Divy mogą wyświetlić się po 2 w rzędzie dzięki flexbox" time="0.003">
    </testcase>
    <testcase classname="Zadanie" name="Ma 4 divy w środku po 50% szerokości i wysokości" time="0.004">
    </testcase>
  </testsuite>
</testsuites>