<?xml version="1.0" encoding="UTF-8"?>
<testsuites name="jest tests" tests="4" failures="2" time="10.748">
  <testsuite name="Zadanie" errors="0" failures="2" skipped="0" timestamp="2022-12-26T18:45:29" time="7.573" tests="4">
    <testcase classname="Zadanie" name="Dodano div" time="0.01">
    </testcase>
    <testcase classname="Zadanie" name="Div ma rozmiar 500 x 500" time="0.004">
    </testcase>
    <testcase classname="Zadanie" name="Divy mogą wyświetlić się po 2 w rzędzie dzięki flexbox" time="0.007">
      <failure>Error: expect(received).toBe(expected) // Object.is equality

Expected: true
Received: false
    at Object.&lt;anonymous&gt; (/Users/Beata/Library/Application Support/Code/User/globalStorage/leancode.future-collars/futurecollars/fe-html-04-03/tests/check_elems.test.js:41:18)
    at processTicksAndRejections (node:internal/process/task_queues:95:5)</failure>
    </testcase>
    <testcase classname="Zadanie" name="Ma 4 divy w środku po 50% szerokości i wysokości" time="0.005">
      <failure>Error: expect(received).toBe(expected) // Object.is equality

Expected: true
Received: false
    at Object.&lt;anonymous&gt; (/Users/Beata/Library/Application Support/Code/User/globalStorage/leancode.future-collars/futurecollars/fe-html-04-03/tests/check_elems.test.js:55:18)
    at processTicksAndRejections (node:internal/process/task_queues:95:5)</failure>
    </testcase>
  </testsuite>
</testsuites>